  kekeYo.cpp
C:\Users\DingZhiQiang\Downloads\keke\include\shader\VertexFrom.hpp(1,1): warning C4819: 该文件包含不能在当前代码页(936)中表示的字符。请将该文件保存为 Unicode 格式以防止数据丢失
C:\Users\DingZhiQiang\Downloads\keke\include\shader\VertexFrom.hpp(160,1): warning C4267: “参数”: 从“size_t”转换到“_Ty”，可能丢失数据
          with
          [
              _Ty=unsigned int
          ]
C:\Users\DingZhiQiang\Downloads\keke\include\keke.hpp(286,40): warning C4305: “=”: 从“double”到“float”截断
C:\Users\DingZhiQiang\Downloads\keke\include\keke.hpp(513,43): warning C4244: “=”: 从“float”转换到“uint32_t”，可能丢失数据
C:\Users\DingZhiQiang\Downloads\keke\include\keke.hpp(514,45): warning C4244: “=”: 从“float”转换到“uint32_t”，可能丢失数据
C:\Users\DingZhiQiang\Downloads\keke\include\keke.hpp(601,68): warning C4267: “=”: 从“size_t”转换到“uint32_t”，可能丢失数据
C:\Users\DingZhiQiang\Downloads\keke\include\keke.hpp(606,57): warning C4267: “=”: 从“size_t”转换到“uint32_t”，可能丢失数据
C:\Users\DingZhiQiang\Downloads\keke\include\keke.hpp(709,67): warning C4244: “参数”: 从“const _Ty”转换到“uint32_t”，可能丢失数据
          with
          [
              _Ty=uint64_t
          ]
C:\Users\DingZhiQiang\Downloads\keke\include\keke.hpp(727,65): warning C4244: “参数”: 从“const _Ty”转换到“uint32_t”，可能丢失数据
          with
          [
              _Ty=uint64_t
          ]
C:\Users\DingZhiQiang\Downloads\keke\include\keke.hpp(735,131): warning C4244: “参数”: 从“const _Ty”转换到“uint32_t”，可能丢失数据
          with
          [
              _Ty=uint64_t
          ]
C:\Users\DingZhiQiang\Downloads\keke\include\keke.hpp(735,75): warning C4244: “参数”: 从“_Ty”转换到“uint32_t”，可能丢失数据
          with
          [
              _Ty=uint64_t
          ]
MSVCRTD.lib(exe_main.obj) : error LNK2019: 无法解析的外部符号 main，函数 "int __cdecl invoke_main(void)" (?invoke_main@@YAHXZ) 中引用了该符号
C:\Users\DingZhiQiang\Downloads\keke\x64\Debug\keke.exe : fatal error LNK1120: 1 个无法解析的外部命令
